\BOOKMARK [1][-]{section.1}{\376\377\000I\000n\000t\000r\000o\000d\000u\000c\000t\000i\000o\000n}{}% 1
\BOOKMARK [2][-]{subsection.1.1}{\376\377\000C\000o\000n\000t\000e\000x\000t\000e}{section.1}% 2
\BOOKMARK [2][-]{subsection.1.2}{\376\377\000O\000b\000j\000e\000c\000t\000i\000f\000s\000\040\000d\000u\000\040\000p\000r\000o\000j\000e\000t}{section.1}% 3
\BOOKMARK [1][-]{section.2}{\376\377\000D\000o\000n\000n\000\351\000e\000s\000\040\000e\000t\000\040\000M\000\351\000t\000h\000o\000d\000o\000l\000o\000g\000i\000e}{}% 4
\BOOKMARK [2][-]{subsection.2.1}{\376\377\000S\000o\000u\000r\000c\000e\000s\000\040\000d\000e\000\040\000d\000o\000n\000n\000\351\000e\000s}{section.2}% 5
\BOOKMARK [3][-]{subsubsection.2.1.1}{\376\377\000A\000c\000c\000i\000d\000e\000n\000t\000s\000\040\000d\000e\000\040\000v\000\351\000l\000o}{subsection.2.1}% 6
\BOOKMARK [3][-]{subsubsection.2.1.2}{\376\377\000A\000m\000\351\000n\000a\000g\000e\000m\000e\000n\000t\000s\000\040\000c\000y\000c\000l\000a\000b\000l\000e\000s}{subsection.2.1}% 7
\BOOKMARK [3][-]{subsubsection.2.1.3}{\376\377\000C\000o\000m\000p\000t\000a\000g\000e\000s\000\040\000v\000\351\000l\000o}{subsection.2.1}% 8
\BOOKMARK [3][-]{subsubsection.2.1.4}{\376\377\000P\000o\000p\000u\000l\000a\000t\000i\000o\000n\000\040\000m\000u\000n\000i\000c\000i\000p\000a\000l\000e}{subsection.2.1}% 9
\BOOKMARK [2][-]{subsection.2.2}{\376\377\000F\000u\000s\000i\000o\000n\000\040\000e\000t\000\040\000c\000r\000\351\000a\000t\000i\000o\000n\000\040\000d\000e\000\040\000v\000a\000r\000i\000a\000b\000l\000e\000s}{section.2}% 10
\BOOKMARK [3][-]{subsubsection.2.2.1}{\376\377\000V\000a\000r\000i\000a\000b\000l\000e\000s\000\040\000p\000r\000i\000n\000c\000i\000p\000a\000l\000e\000s\000\040\000c\000r\000\351\000\351\000e\000s}{subsection.2.2}% 11
\BOOKMARK [1][-]{section.3}{\376\377\000A\000n\000a\000l\000y\000s\000e\000\040\0001\000\040\000:\000\040\000C\000l\000a\000s\000s\000i\000f\000i\000c\000a\000t\000i\000o\000n\000\040\000d\000u\000\040\000R\000i\000s\000q\000u\000e}{}% 12
\BOOKMARK [2][-]{subsection.3.1}{\376\377\000D\000\351\000f\000i\000n\000i\000t\000i\000o\000n\000\040\000d\000u\000\040\000p\000r\000o\000b\000l\000\350\000m\000e}{section.3}% 13
\BOOKMARK [2][-]{subsection.3.2}{\376\377\000M\000o\000d\000\350\000l\000e\000s\000\040\000t\000e\000s\000t\000\351\000s}{section.3}% 14
\BOOKMARK [2][-]{subsection.3.3}{\376\377\000R\000\351\000s\000u\000l\000t\000a\000t\000s}{section.3}% 15
\BOOKMARK [2][-]{subsection.3.4}{\376\377\000A\000n\000a\000l\000y\000s\000e\000\040\000d\000e\000s\000\040\000r\000\351\000s\000u\000l\000t\000a\000t\000s}{section.3}% 16
\BOOKMARK [1][-]{section.4}{\376\377\000A\000n\000a\000l\000y\000s\000e\000\040\0002\000\040\000:\000\040\000P\000r\000\351\000d\000i\000c\000t\000i\000o\000n\000\040\000d\000u\000\040\000N\000o\000m\000b\000r\000e\000\040\000B\000r\000u\000t\000\040\000d\000'\000A\000c\000c\000i\000d\000e\000n\000t\000s}{}% 17
\BOOKMARK [2][-]{subsection.4.1}{\376\377\000A\000p\000p\000r\000o\000c\000h\000e\000\040\000i\000n\000i\000t\000i\000a\000l\000e}{section.4}% 18
\BOOKMARK [2][-]{subsection.4.2}{\376\377\000A\000n\000a\000l\000y\000s\000e\000\040\000c\000r\000i\000t\000i\000q\000u\000e\000\040\000d\000e\000s\000\040\000r\000\351\000s\000u\000l\000t\000a\000t\000s}{section.4}% 19
\BOOKMARK [1][-]{section.5}{\376\377\000A\000n\000a\000l\000y\000s\000e\000\040\0003\000\040\000:\000\040\000P\000r\000\351\000d\000i\000c\000t\000i\000o\000n\000\040\000d\000e\000s\000\040\000T\000a\000u\000x\000\040\000d\000e\000\040\000R\000i\000s\000q\000u\000e}{}% 20
\BOOKMARK [2][-]{subsection.5.1}{\376\377\000I\000n\000t\000\351\000g\000r\000a\000t\000i\000o\000n\000\040\000d\000e\000s\000\040\000d\000o\000n\000n\000\351\000e\000s\000\040\000d\000e\000\040\000p\000o\000p\000u\000l\000a\000t\000i\000o\000n}{section.5}% 21
\BOOKMARK [2][-]{subsection.5.2}{\376\377\000D\000\351\000f\000i\000n\000i\000t\000i\000o\000n\000\040\000d\000e\000s\000\040\000t\000a\000u\000x\000\040\000d\000e\000\040\000r\000i\000s\000q\000u\000e}{section.5}% 22
\BOOKMARK [2][-]{subsection.5.3}{\376\377\000A\000n\000a\000l\000y\000s\000e\000\040\000d\000e\000s\000\040\000d\000i\000s\000t\000r\000i\000b\000u\000t\000i\000o\000n\000s}{section.5}% 23
\BOOKMARK [2][-]{subsection.5.4}{\376\377\000R\000\351\000s\000u\000l\000t\000a\000t\000s\000\040\000d\000e\000\040\000l\000a\000\040\000m\000o\000d\000\351\000l\000i\000s\000a\000t\000i\000o\000n}{section.5}% 24
\BOOKMARK [2][-]{subsection.5.5}{\376\377\000I\000n\000t\000e\000r\000p\000r\000\351\000t\000a\000t\000i\000o\000n\000\040\000d\000e\000s\000\040\000r\000\351\000s\000u\000l\000t\000a\000t\000s}{section.5}% 25
\BOOKMARK [1][-]{section.6}{\376\377\000D\000i\000s\000c\000u\000s\000s\000i\000o\000n}{}% 26
\BOOKMARK [2][-]{subsection.6.1}{\376\377\000S\000y\000n\000t\000h\000\350\000s\000e\000\040\000e\000t\000\040\000c\000o\000m\000p\000a\000r\000a\000i\000s\000o\000n\000\040\000d\000e\000s\000\040\000a\000p\000p\000r\000o\000c\000h\000e\000s}{section.6}% 27
\BOOKMARK [2][-]{subsection.6.2}{\376\377\000L\000i\000m\000i\000t\000e\000s\000\040\000d\000e\000\040\000l\000'\000\351\000t\000u\000d\000e}{section.6}% 28
\BOOKMARK [1][-]{section.7}{\376\377\000C\000o\000n\000c\000l\000u\000s\000i\000o\000n}{}% 29
